<?xml version="1.0" encoding="UTF-8"?>
<!-- Generated by org.testng.reporters.JUnitReportReporter -->
<testsuite hostname="LAPTOP-I6PJVQP1" failures="0" tests="3" name="POM.TESTNGGROUP" time="0.013" errors="0" timestamp="2023-05-19T15:29:12 IST" skipped="0">
  <testcase classname="POM.TESTNGGROUP" name="data6" time="0.002"/>
  <system-out>
    <![CDATA[char]]>
  </system-out>
  <testcase classname="POM.TESTNGGROUP" name="data4" time="0.001"/>
  <system-out>
    <![CDATA[siva]]>
  </system-out>
  <testcase classname="POM.TESTNGGROUP" name="data2" time="0.010"/>
  <system-out>
    <![CDATA[queen]]>
  </system-out>
</testsuite> <!-- POM.TESTNGGROUP -->
