<?xml version="1.0" encoding="UTF-8"?>
<!-- Generated by org.testng.reporters.JUnitReportReporter -->
<testsuite hostname="LAPTOP-I6PJVQP1" failures="0" tests="3" name="Framework.Scriptone" time="0.015" errors="0" timestamp="2023-05-12T15:07:17 IST" skipped="0">
  <testcase classname="Framework.Scriptone" name="data3" time="0.001"/>
  <system-out>
    <![CDATA[3]]>
  </system-out>
  <testcase classname="Framework.Scriptone" name="data2" time="0.002"/>
  <system-out>
    <![CDATA[2]]>
  </system-out>
  <testcase classname="Framework.Scriptone" name="data1" time="0.012"/>
  <system-out>
    <![CDATA[1]]>
  </system-out>
</testsuite> <!-- Framework.Scriptone -->
