<?xml version="1.0" encoding="UTF-8"?>
<!-- Generated by org.testng.reporters.JUnitReportReporter -->
<testsuite hostname="LAPTOP-I6PJVQP1" failures="0" tests="1" name="Framework.Scripttwo" time="0.001" errors="0" timestamp="2023-05-12T15:07:17 IST" skipped="0">
  <testcase classname="Framework.Scripttwo" name="data4" time="0.001"/>
  <system-out>
    <![CDATA[4]]>
  </system-out>
</testsuite> <!-- Framework.Scripttwo -->
