<?xml version="1.0" encoding="UTF-8"?>
<!-- Generated by org.testng.reporters.JUnitReportReporter -->
<testsuite hostname="LAPTOP-I6PJVQP1" failures="0" tests="1" name="POM.Pom_test_scrpit" time="15.506" errors="0" timestamp="2023-05-17T16:18:32 IST" skipped="0">
  <testcase classname="POM.Pom_test_scrpit" name="login" time="15.506"/>
  <system-out/>
</testsuite> <!-- POM.Pom_test_scrpit -->
