<?xml version="1.0" encoding="UTF-8"?>
<!-- Generated by org.testng.reporters.JUnitReportReporter -->
<testsuite hostname="LAPTOP-I6PJVQP1" failures="0" tests="1" name="Framework.TestScript_15_05_23forGenaric" time="17.977" errors="0" timestamp="2023-05-17T14:15:52 IST" skipped="0">
  <testcase classname="Framework.TestScript_15_05_23forGenaric" name="logi" time="17.977"/>
  <system-out/>
</testsuite> <!-- Framework.TestScript_15_05_23forGenaric -->
