<?xml version="1.0" encoding="UTF-8"?>
<!-- Generated by org.testng.reporters.JUnitReportReporter -->
<testsuite hostname="LAPTOP-I6PJVQP1" failures="0" tests="1" name="POM.Test_FACEBOOK" time="7.711" errors="0" timestamp="2023-05-19T14:38:59 IST" skipped="0">
  <testcase classname="POM.Test_FACEBOOK" name="login" time="7.711"/>
  <system-out/>
</testsuite> <!-- POM.Test_FACEBOOK -->
